D:\!PROJECTS\CORDOVA\CORDOVA-WINDOWS\WINDOWS7\CORDOVA\DEBUG\ACCEL.OBJ
D:\!PROJECTS\CORDOVA\CORDOVA-WINDOWS\WINDOWS7\CORDOVA\DEBUG\CAPTURE.OBJ
D:\!PROJECTS\CORDOVA\CORDOVA-WINDOWS\WINDOWS7\CORDOVA\DEBUG\COMMON.OBJ
D:\!PROJECTS\CORDOVA\CORDOVA-WINDOWS\WINDOWS7\CORDOVA\DEBUG\COMPASS.OBJ
D:\!PROJECTS\CORDOVA\CORDOVA-WINDOWS\WINDOWS7\CORDOVA\DEBUG\DEVICE.OBJ
D:\!PROJECTS\CORDOVA\CORDOVA-WINDOWS\WINDOWS7\CORDOVA\DEBUG\DOTNET.OBJ
D:\!PROJECTS\CORDOVA\CORDOVA-WINDOWS\WINDOWS7\CORDOVA\DEBUG\FILE.OBJ
D:\!PROJECTS\CORDOVA\CORDOVA-WINDOWS\WINDOWS7\CORDOVA\DEBUG\FILETRANSFER.OBJ
D:\!PROJECTS\CORDOVA\CORDOVA-WINDOWS\WINDOWS7\CORDOVA\DEBUG\JSON.OBJ
D:\!PROJECTS\CORDOVA\CORDOVA-WINDOWS\WINDOWS7\CORDOVA\DEBUG\SQLITE3.OBJ
D:\!PROJECTS\CORDOVA\CORDOVA-WINDOWS\WINDOWS7\CORDOVA\DEBUG\MP4PATCH.OBJ
D:\!PROJECTS\CORDOVA\CORDOVA-WINDOWS\WINDOWS7\CORDOVA\DEBUG\NETWORK.OBJ
D:\!PROJECTS\CORDOVA\CORDOVA-WINDOWS\WINDOWS7\CORDOVA\DEBUG\NOTIFICATION.OBJ
D:\!PROJECTS\CORDOVA\CORDOVA-WINDOWS\WINDOWS7\CORDOVA\DEBUG\PLATFORM.OBJ
D:\!PROJECTS\CORDOVA\CORDOVA-WINDOWS\WINDOWS7\CORDOVA\DEBUG\SHELL.OBJ
D:\!PROJECTS\CORDOVA\CORDOVA-WINDOWS\WINDOWS7\CORDOVA\DEBUG\STORAGE.OBJ
D:\!PROJECTS\CORDOVA\CORDOVA-WINDOWS\WINDOWS7\CORDOVA\DEBUG\VC110.PDB
D:\!PROJECTS\CORDOVA\CORDOVA-WINDOWS\WINDOWS7\CORDOVA\DEBUG\JPEG.OBJ
C:\USERS\FORMULATRIX\DOCUMENTS\IRWANCORDOVA\CORDOVA\DEBUG\ACCEL.OBJ
C:\USERS\FORMULATRIX\DOCUMENTS\IRWANCORDOVA\CORDOVA\DEBUG\CAPTURE.OBJ
C:\USERS\FORMULATRIX\DOCUMENTS\IRWANCORDOVA\CORDOVA\DEBUG\COMMON.OBJ
C:\USERS\FORMULATRIX\DOCUMENTS\IRWANCORDOVA\CORDOVA\DEBUG\COMPASS.OBJ
C:\USERS\FORMULATRIX\DOCUMENTS\IRWANCORDOVA\CORDOVA\DEBUG\DEVICE.OBJ
C:\USERS\FORMULATRIX\DOCUMENTS\IRWANCORDOVA\CORDOVA\DEBUG\DOTNET.OBJ
C:\USERS\FORMULATRIX\DOCUMENTS\IRWANCORDOVA\CORDOVA\DEBUG\FILE.OBJ
C:\USERS\FORMULATRIX\DOCUMENTS\IRWANCORDOVA\CORDOVA\DEBUG\FILETRANSFER.OBJ
C:\USERS\FORMULATRIX\DOCUMENTS\IRWANCORDOVA\CORDOVA\DEBUG\JSON.OBJ
C:\USERS\FORMULATRIX\DOCUMENTS\IRWANCORDOVA\CORDOVA\DEBUG\SQLITE3.OBJ
C:\USERS\FORMULATRIX\DOCUMENTS\IRWANCORDOVA\CORDOVA\DEBUG\MP4PATCH.OBJ
C:\USERS\FORMULATRIX\DOCUMENTS\IRWANCORDOVA\CORDOVA\DEBUG\NETWORK.OBJ
C:\USERS\FORMULATRIX\DOCUMENTS\IRWANCORDOVA\CORDOVA\DEBUG\NOTIFICATION.OBJ
C:\USERS\FORMULATRIX\DOCUMENTS\IRWANCORDOVA\CORDOVA\DEBUG\PLATFORM.OBJ
C:\USERS\FORMULATRIX\DOCUMENTS\IRWANCORDOVA\CORDOVA\DEBUG\SHELL.OBJ
C:\USERS\FORMULATRIX\DOCUMENTS\IRWANCORDOVA\CORDOVA\DEBUG\STORAGE.OBJ
C:\USERS\FORMULATRIX\DOCUMENTS\IRWANCORDOVA\CORDOVA\DEBUG\VC110.PDB
C:\USERS\FORMULATRIX\DOCUMENTS\IRWANCORDOVA\CORDOVA\DEBUG\JPEG.OBJ
D:\!Projects\Cordova\cordova-windows\windows7\Debug\DotNetCPPBridge.dll
D:\!Projects\Cordova\cordova-windows\windows7\Debug\DotNetCPPBridge.pdb
C:\Users\FORMULATRIX\Documents\IrwanCordova\Debug\DotNetCPPBridge.dll
C:\Users\FORMULATRIX\Documents\IrwanCordova\Debug\DotNetCPPBridge.pdb
D:\!PROJECTS\CORDOVA\CORDOVA-WINDOWS\WINDOWS7\DEBUG\CORDOVA.ILK
D:\!PROJECTS\CORDOVA\CORDOVA-WINDOWS\WINDOWS7\DEBUG\CORDOVA.EXE
D:\!PROJECTS\CORDOVA\CORDOVA-WINDOWS\WINDOWS7\DEBUG\CORDOVA.PDB
C:\USERS\FORMULATRIX\DOCUMENTS\IRWANCORDOVA\DEBUG\CORDOVA.ILK
C:\USERS\FORMULATRIX\DOCUMENTS\IRWANCORDOVA\DEBUG\CORDOVA.EXE
C:\USERS\FORMULATRIX\DOCUMENTS\IRWANCORDOVA\DEBUG\CORDOVA.PDB
D:\!PROJECTS\CORDOVA\CORDOVA-WINDOWS\WINDOWS7\CORDOVA\DEBUG\RESOURCE.RES
C:\USERS\FORMULATRIX\DOCUMENTS\IRWANCORDOVA\CORDOVA\DEBUG\RESOURCE.RES
C:\Users\FORMULATRIX\Documents\IrwanCordova\Cordova\Debug\Cordova.vcxprojResolveAssemblyReference.cache
C:\Users\FORMULATRIX\Documents\IrwanCordova\Cordova\Debug\accel.obj
C:\Users\FORMULATRIX\Documents\IrwanCordova\Cordova\Debug\capture.obj
C:\Users\FORMULATRIX\Documents\IrwanCordova\Cordova\Debug\common.obj
C:\Users\FORMULATRIX\Documents\IrwanCordova\Cordova\Debug\compass.obj
C:\Users\FORMULATRIX\Documents\IrwanCordova\Cordova\Debug\device.obj
C:\Users\FORMULATRIX\Documents\IrwanCordova\Cordova\Debug\dotnet.obj
C:\Users\FORMULATRIX\Documents\IrwanCordova\Cordova\Debug\file.obj
C:\Users\FORMULATRIX\Documents\IrwanCordova\Cordova\Debug\filetransfer.obj
C:\Users\FORMULATRIX\Documents\IrwanCordova\Cordova\Debug\jpeg.obj
C:\Users\FORMULATRIX\Documents\IrwanCordova\Cordova\Debug\json.obj
C:\Users\FORMULATRIX\Documents\IrwanCordova\Cordova\Debug\mp4patch.obj
C:\Users\FORMULATRIX\Documents\IrwanCordova\Cordova\Debug\network.obj
C:\Users\FORMULATRIX\Documents\IrwanCordova\Cordova\Debug\notification.obj
C:\Users\FORMULATRIX\Documents\IrwanCordova\Cordova\Debug\platform.obj
C:\Users\FORMULATRIX\Documents\IrwanCordova\Cordova\Debug\shell.obj
C:\Users\FORMULATRIX\Documents\IrwanCordova\Cordova\Debug\sqlite3.obj
C:\Users\FORMULATRIX\Documents\IrwanCordova\Cordova\Debug\storage.obj
C:\Users\FORMULATRIX\Documents\IrwanCordova\Cordova\Debug\cl.command.1.tlog
C:\Users\FORMULATRIX\Documents\IrwanCordova\Cordova\Debug\CL.read.1.tlog
C:\Users\FORMULATRIX\Documents\IrwanCordova\Cordova\Debug\CL.write.1.tlog
C:\Users\FORMULATRIX\Documents\IrwanCordova\Cordova\Debug\Cordova.write.1.tlog
C:\Users\FORMULATRIX\Documents\IrwanCordova\Cordova\Debug\link-cvtres.read.1.tlog
C:\Users\FORMULATRIX\Documents\IrwanCordova\Cordova\Debug\link-cvtres.write.1.tlog
C:\Users\FORMULATRIX\Documents\IrwanCordova\Cordova\Debug\link-rc.read.1.tlog
C:\Users\FORMULATRIX\Documents\IrwanCordova\Cordova\Debug\link-rc.write.1.tlog
C:\Users\FORMULATRIX\Documents\IrwanCordova\Cordova\Debug\link.command.1.tlog
C:\Users\FORMULATRIX\Documents\IrwanCordova\Cordova\Debug\link.read.1.tlog
C:\Users\FORMULATRIX\Documents\IrwanCordova\Cordova\Debug\link.write.1.tlog
C:\Users\FORMULATRIX\Documents\IrwanCordova\Cordova\Debug\rc.command.1.tlog
C:\Users\FORMULATRIX\Documents\IrwanCordova\Cordova\Debug\rc.read.1.tlog
C:\Users\FORMULATRIX\Documents\IrwanCordova\Cordova\Debug\rc.write.1.tlog
C:\Users\FORMULATRIX\Documents\IrwanCordova\Cordova\Debug\resource.res
C:\Users\FORMULATRIX\Documents\IrwanCordova\Cordova\Debug\vc110.idb
C:\Users\FORMULATRIX\Documents\IrwanCordova\Cordova\Debug\vc110.pdb
C:\Users\FORMULATRIX\Documents\IrwanCordova\Debug\Cordova.pdb
C:\Users\FORMULATRIX\Documents\IrwanCordova\Debug\Cordova.exe
C:\Users\FORMULATRIX\Documents\IrwanCordova\Debug\Cordova.ilk
